INFO  | 2021-10-18 18:59:39 | [main] com.openmrs.wrappers.GenericWrappers (GenericWrappers.java:59) - The properties files are loaded successfully.
INFO  | 2021-10-18 18:59:39 | [main] com.openmrs.utilities.Reporter (Reporter.java:49) - The extent report is initialized successfully.
INFO  | 2021-10-18 18:59:39 | [main] com.openmrs.utilities.Reporter (Reporter.java:59) - Created a test successfully.
INFO  | 2021-10-18 18:59:39 | [main] com.openmrs.wrappers.GenericWrappers (GenericWrappers.java:83) - Chrome options are initialized.
INFO  | 2021-10-18 18:59:39 | [main] com.openmrs.wrappers.GenericWrappers (GenericWrappers.java:87) - Desired Capabilities are initialized.
INFO  | 2021-10-18 18:59:41 | [main] com.openmrs.wrappers.GenericWrappers (GenericWrappers.java:91) - The Chrome Web Driver is instatiated.
INFO  | 2021-10-18 18:59:41 | [main] com.openmrs.wrappers.GenericWrappers (GenericWrappers.java:98) - The Chrome Web Driver agent is maximized.
INFO  | 2021-10-18 18:59:41 | [main] com.openmrs.wrappers.GenericWrappers (GenericWrappers.java:100) - All the cookies are deleted.
INFO  | 2021-10-18 18:59:41 | [main] com.openmrs.wrappers.GenericWrappers (GenericWrappers.java:104) - The Chrome Web Driver agent's timeouts are initiliazed.
INFO  | 2021-10-18 18:59:50 | [main] com.openmrs.utilities.Reporter (Reporter.java:67) - The given URL 'https://demo.openmrs.org/openmrs/login.htm' is launched in 'CHROME' browser successfully. is passed successfully.
INFO  | 2021-10-18 18:59:50 | [main] com.openmrs.wrappers.GenericWrappers (GenericWrappers.java:107) - The given URL '" + url + "' is launched in '" + browser + "' browser successfully.
INFO  | 2021-10-18 18:59:51 | [main] com.openmrs.utilities.Reporter (Reporter.java:67) - The Actual Title of the page 'Login' matches with the Expected Title 'Login'. is passed successfully.
INFO  | 2021-10-18 18:59:51 | [main] com.openmrs.wrappers.GenericWrappers (GenericWrappers.java:184) - The Actual Title of the page 'Login' matches with the Expected Title 'Login'.
INFO  | 2021-10-18 18:59:51 | [main] com.openmrs.utilities.Reporter (Reporter.java:67) - The webelement with an ID: 'username' is identified and entered with the data 'admin' successfully. is passed successfully.
INFO  | 2021-10-18 18:59:51 | [main] com.openmrs.wrappers.GenericWrappers (GenericWrappers.java:122) - The webelement with an ID: 'username' is identified and entered with the data 'admin' successfully.
INFO  | 2021-10-18 18:59:51 | [main] com.openmrs.utilities.Reporter (Reporter.java:67) - The webelement with an ID: 'password' is identified and entered with the data 'Admin123' successfully. is passed successfully.
INFO  | 2021-10-18 18:59:51 | [main] com.openmrs.wrappers.GenericWrappers (GenericWrappers.java:122) - The webelement with an ID: 'password' is identified and entered with the data 'Admin123' successfully.
INFO  | 2021-10-18 18:59:52 | [main] com.openmrs.utilities.Reporter (Reporter.java:67) - The webelement with an ID: 'Isolation Ward' is identified and clicked successfully. is passed successfully.
INFO  | 2021-10-18 18:59:52 | [main] com.openmrs.wrappers.GenericWrappers (GenericWrappers.java:267) - The webelement with an ID: 'Isolation Ward' is identified and clicked successfully.
INFO  | 2021-10-18 18:59:58 | [main] com.openmrs.utilities.Reporter (Reporter.java:67) - The webelement with an ID: 'loginButton' is identified and clicked successfully. is passed successfully.
INFO  | 2021-10-18 18:59:58 | [main] com.openmrs.wrappers.GenericWrappers (GenericWrappers.java:267) - The webelement with an ID: 'loginButton' is identified and clicked successfully.
INFO  | 2021-10-18 18:59:58 | [main] com.openmrs.utilities.Reporter (Reporter.java:67) - The Actual Title of the page 'Home' matches with the Expected Title 'Home'. is passed successfully.
INFO  | 2021-10-18 18:59:58 | [main] com.openmrs.wrappers.GenericWrappers (GenericWrappers.java:184) - The Actual Title of the page 'Home' matches with the Expected Title 'Home'.
INFO  | 2021-10-18 18:59:58 | [main] com.openmrs.utilities.Reporter (Reporter.java:67) - The Actual Text 'admin' from the XPATH: '//div[@id='navbarSupportedContent']/ul/li[1]' exactly matches with the Expected Text 'admin'. is passed successfully.
INFO  | 2021-10-18 18:59:58 | [main] com.openmrs.wrappers.GenericWrappers (GenericWrappers.java:218) - The Actual Text 'admin' from the XPATH: '//div[@id='navbarSupportedContent']/ul/li[1]' exactly matches with the Expected Text 'admin'.
INFO  | 2021-10-18 18:59:59 | [main] com.openmrs.utilities.Reporter (Reporter.java:67) - The Actual Text 'Isolation Ward' from the XPATH: '//div[@id='navbarSupportedContent']/ul/li[2]/a/span' exactly matches with the Expected Text 'Isolation Ward'. is passed successfully.
INFO  | 2021-10-18 18:59:59 | [main] com.openmrs.wrappers.GenericWrappers (GenericWrappers.java:218) - The Actual Text 'Isolation Ward' from the XPATH: '//div[@id='navbarSupportedContent']/ul/li[2]/a/span' exactly matches with the Expected Text 'Isolation Ward'.
INFO  | 2021-10-18 19:00:00 | [main] com.openmrs.utilities.Reporter (Reporter.java:67) - The webelement with the XPATH: '//a[contains(text(),'Logout')]' is identified and clicked successfully. is passed successfully.
INFO  | 2021-10-18 19:00:00 | [main] com.openmrs.wrappers.GenericWrappers (GenericWrappers.java:287) - The webelement with the XPATH: '//a[contains(text(),'Logout')]' is identified and clicked successfully.
INFO  | 2021-10-18 19:00:01 | [main] com.openmrs.wrappers.GenericWrappers (GenericWrappers.java:624) - All the driver agents are closed successfully.
INFO  | 2021-10-18 19:00:01 | [main] com.openmrs.utilities.Reporter (Reporter.java:92) - Closed the test successfully.
INFO  | 2021-10-18 19:00:01 | [main] com.openmrs.utilities.Reporter (Reporter.java:59) - Created a test successfully.
INFO  | 2021-10-18 19:00:01 | [main] com.openmrs.wrappers.GenericWrappers (GenericWrappers.java:83) - Chrome options are initialized.
INFO  | 2021-10-18 19:00:01 | [main] com.openmrs.wrappers.GenericWrappers (GenericWrappers.java:87) - Desired Capabilities are initialized.
INFO  | 2021-10-18 19:00:01 | [main] com.openmrs.wrappers.GenericWrappers (GenericWrappers.java:91) - The Chrome Web Driver is instatiated.
INFO  | 2021-10-18 19:00:01 | [main] com.openmrs.wrappers.GenericWrappers (GenericWrappers.java:98) - The Chrome Web Driver agent is maximized.
INFO  | 2021-10-18 19:00:01 | [main] com.openmrs.wrappers.GenericWrappers (GenericWrappers.java:100) - All the cookies are deleted.
INFO  | 2021-10-18 19:00:01 | [main] com.openmrs.wrappers.GenericWrappers (GenericWrappers.java:104) - The Chrome Web Driver agent's timeouts are initiliazed.
INFO  | 2021-10-18 19:00:07 | [main] com.openmrs.utilities.Reporter (Reporter.java:67) - The given URL 'https://demo.openmrs.org/openmrs/login.htm' is launched in 'CHROME' browser successfully. is passed successfully.
INFO  | 2021-10-18 19:00:07 | [main] com.openmrs.wrappers.GenericWrappers (GenericWrappers.java:107) - The given URL '" + url + "' is launched in '" + browser + "' browser successfully.
INFO  | 2021-10-18 19:00:08 | [main] com.openmrs.utilities.Reporter (Reporter.java:67) - The Actual Title of the page 'Login' matches with the Expected Title 'Login'. is passed successfully.
INFO  | 2021-10-18 19:00:08 | [main] com.openmrs.wrappers.GenericWrappers (GenericWrappers.java:184) - The Actual Title of the page 'Login' matches with the Expected Title 'Login'.
INFO  | 2021-10-18 19:00:08 | [main] com.openmrs.utilities.Reporter (Reporter.java:67) - The webelement with an ID: 'username' is identified and entered with the data 'admin' successfully. is passed successfully.
INFO  | 2021-10-18 19:00:08 | [main] com.openmrs.wrappers.GenericWrappers (GenericWrappers.java:122) - The webelement with an ID: 'username' is identified and entered with the data 'admin' successfully.
INFO  | 2021-10-18 19:00:08 | [main] com.openmrs.utilities.Reporter (Reporter.java:67) - The webelement with an ID: 'password' is identified and entered with the data 'Admin155' successfully. is passed successfully.
INFO  | 2021-10-18 19:00:08 | [main] com.openmrs.wrappers.GenericWrappers (GenericWrappers.java:122) - The webelement with an ID: 'password' is identified and entered with the data 'Admin155' successfully.
INFO  | 2021-10-18 19:00:08 | [main] com.openmrs.utilities.Reporter (Reporter.java:67) - The webelement with an ID: 'Isolation Ward' is identified and clicked successfully. is passed successfully.
INFO  | 2021-10-18 19:00:08 | [main] com.openmrs.wrappers.GenericWrappers (GenericWrappers.java:267) - The webelement with an ID: 'Isolation Ward' is identified and clicked successfully.
INFO  | 2021-10-18 19:00:10 | [main] com.openmrs.utilities.Reporter (Reporter.java:67) - The webelement with an ID: 'loginButton' is identified and clicked successfully. is passed successfully.
INFO  | 2021-10-18 19:00:10 | [main] com.openmrs.wrappers.GenericWrappers (GenericWrappers.java:267) - The webelement with an ID: 'loginButton' is identified and clicked successfully.
INFO  | 2021-10-18 19:00:10 | [main] com.openmrs.utilities.Reporter (Reporter.java:67) - The Actual Text 'Invalid username/password. Please try again.' from the XPATH: '//div[@id='error-message']' exactly matches with the Expected Text 'Invalid username/password. Please try again.'. is passed successfully.
INFO  | 2021-10-18 19:00:10 | [main] com.openmrs.wrappers.GenericWrappers (GenericWrappers.java:218) - The Actual Text 'Invalid username/password. Please try again.' from the XPATH: '//div[@id='error-message']' exactly matches with the Expected Text 'Invalid username/password. Please try again.'.
INFO  | 2021-10-18 19:00:10 | [main] com.openmrs.wrappers.GenericWrappers (GenericWrappers.java:624) - All the driver agents are closed successfully.
INFO  | 2021-10-18 19:00:10 | [main] com.openmrs.utilities.Reporter (Reporter.java:92) - Closed the test successfully.
INFO  | 2021-10-18 19:00:10 | [main] com.openmrs.utilities.Reporter (Reporter.java:59) - Created a test successfully.
INFO  | 2021-10-18 19:00:10 | [main] com.openmrs.wrappers.GenericWrappers (GenericWrappers.java:83) - Chrome options are initialized.
INFO  | 2021-10-18 19:00:10 | [main] com.openmrs.wrappers.GenericWrappers (GenericWrappers.java:87) - Desired Capabilities are initialized.
INFO  | 2021-10-18 19:00:11 | [main] com.openmrs.wrappers.GenericWrappers (GenericWrappers.java:91) - The Chrome Web Driver is instatiated.
INFO  | 2021-10-18 19:00:11 | [main] com.openmrs.wrappers.GenericWrappers (GenericWrappers.java:98) - The Chrome Web Driver agent is maximized.
INFO  | 2021-10-18 19:00:11 | [main] com.openmrs.wrappers.GenericWrappers (GenericWrappers.java:100) - All the cookies are deleted.
INFO  | 2021-10-18 19:00:11 | [main] com.openmrs.wrappers.GenericWrappers (GenericWrappers.java:104) - The Chrome Web Driver agent's timeouts are initiliazed.
INFO  | 2021-10-18 19:00:21 | [main] com.openmrs.utilities.Reporter (Reporter.java:67) - The given URL 'https://demo.openmrs.org/openmrs/login.htm' is launched in 'CHROME' browser successfully. is passed successfully.
INFO  | 2021-10-18 19:00:21 | [main] com.openmrs.wrappers.GenericWrappers (GenericWrappers.java:107) - The given URL '" + url + "' is launched in '" + browser + "' browser successfully.
INFO  | 2021-10-18 19:00:21 | [main] com.openmrs.utilities.Reporter (Reporter.java:67) - The Actual Title of the page 'Login' matches with the Expected Title 'Login'. is passed successfully.
INFO  | 2021-10-18 19:00:21 | [main] com.openmrs.wrappers.GenericWrappers (GenericWrappers.java:184) - The Actual Title of the page 'Login' matches with the Expected Title 'Login'.
INFO  | 2021-10-18 19:00:22 | [main] com.openmrs.utilities.Reporter (Reporter.java:67) - The webelement with an ID: 'username' is identified and entered with the data 'admin' successfully. is passed successfully.
INFO  | 2021-10-18 19:00:22 | [main] com.openmrs.wrappers.GenericWrappers (GenericWrappers.java:122) - The webelement with an ID: 'username' is identified and entered with the data 'admin' successfully.
INFO  | 2021-10-18 19:00:22 | [main] com.openmrs.utilities.Reporter (Reporter.java:67) - The webelement with an ID: 'password' is identified and entered with the data 'Admin123' successfully. is passed successfully.
INFO  | 2021-10-18 19:00:22 | [main] com.openmrs.wrappers.GenericWrappers (GenericWrappers.java:122) - The webelement with an ID: 'password' is identified and entered with the data 'Admin123' successfully.
INFO  | 2021-10-18 19:00:22 | [main] com.openmrs.utilities.Reporter (Reporter.java:67) - The webelement with an ID: 'Isolation Ward' is identified and clicked successfully. is passed successfully.
INFO  | 2021-10-18 19:00:22 | [main] com.openmrs.wrappers.GenericWrappers (GenericWrappers.java:267) - The webelement with an ID: 'Isolation Ward' is identified and clicked successfully.
INFO  | 2021-10-18 19:00:26 | [main] com.openmrs.utilities.Reporter (Reporter.java:67) - The webelement with an ID: 'loginButton' is identified and clicked successfully. is passed successfully.
INFO  | 2021-10-18 19:00:26 | [main] com.openmrs.wrappers.GenericWrappers (GenericWrappers.java:267) - The webelement with an ID: 'loginButton' is identified and clicked successfully.
INFO  | 2021-10-18 19:00:26 | [main] com.openmrs.utilities.Reporter (Reporter.java:67) - The Actual Title of the page 'Home' matches with the Expected Title 'Home'. is passed successfully.
INFO  | 2021-10-18 19:00:26 | [main] com.openmrs.wrappers.GenericWrappers (GenericWrappers.java:184) - The Actual Title of the page 'Home' matches with the Expected Title 'Home'.
INFO  | 2021-10-18 19:00:37 | [main] com.openmrs.utilities.Reporter (Reporter.java:67) - The webelement with the XPATH: '//div[@id='content']/div[3]/div/a[3]' is identified and clicked successfully. is passed successfully.
INFO  | 2021-10-18 19:00:37 | [main] com.openmrs.wrappers.GenericWrappers (GenericWrappers.java:287) - The webelement with the XPATH: '//div[@id='content']/div[3]/div/a[3]' is identified and clicked successfully.
INFO  | 2021-10-18 19:00:37 | [main] com.openmrs.utilities.Reporter (Reporter.java:67) - The Actual Title of the page 'OpenMRS Electronic Medical Record' matches with the Expected Title 'OpenMRS Electronic Medical Record'. is passed successfully.
INFO  | 2021-10-18 19:00:37 | [main] com.openmrs.wrappers.GenericWrappers (GenericWrappers.java:184) - The Actual Title of the page 'OpenMRS Electronic Medical Record' matches with the Expected Title 'OpenMRS Electronic Medical Record'.
INFO  | 2021-10-18 19:00:37 | [main] com.openmrs.utilities.Reporter (Reporter.java:67) - The webelement with the XPATH: '//fieldset[@id='demographics-name']/div[1]/p[1]/input' is identified and entered with the data 'Mugeni' successfully. is passed successfully.
INFO  | 2021-10-18 19:00:37 | [main] com.openmrs.wrappers.GenericWrappers (GenericWrappers.java:142) - The webelement with the XPATH: '//fieldset[@id='demographics-name']/div[1]/p[1]/input' is identified and entered with the data 'Mugeni' successfully.
INFO  | 2021-10-18 19:00:37 | [main] com.openmrs.utilities.Reporter (Reporter.java:67) - The webelement with the XPATH: '//fieldset[@id='demographics-name']/div[1]/p[3]/input' is identified and entered with the data 'Anet' successfully. is passed successfully.
INFO  | 2021-10-18 19:00:37 | [main] com.openmrs.wrappers.GenericWrappers (GenericWrappers.java:142) - The webelement with the XPATH: '//fieldset[@id='demographics-name']/div[1]/p[3]/input' is identified and entered with the data 'Anet' successfully.
INFO  | 2021-10-18 19:00:38 | [main] com.openmrs.utilities.Reporter (Reporter.java:67) - The webelement with the XPATH: '//button[@id='next-button']' is identified and clicked successfully. is passed successfully.
INFO  | 2021-10-18 19:00:38 | [main] com.openmrs.wrappers.GenericWrappers (GenericWrappers.java:287) - The webelement with the XPATH: '//button[@id='next-button']' is identified and clicked successfully.
INFO  | 2021-10-18 19:00:38 | [main] com.openmrs.utilities.Reporter (Reporter.java:67) - The webelement with an XPATH: '//fieldset[@id='demographics-gender']/p/select' is identified and selected the text 'Male' successfully. is passed successfully.
INFO  | 2021-10-18 19:00:38 | [main] com.openmrs.wrappers.GenericWrappers (GenericWrappers.java:434) - The webelement with an XPATH: '//fieldset[@id='demographics-gender']/p/select' is identified and selected the text 'Male' successfully.
INFO  | 2021-10-18 19:00:38 | [main] com.openmrs.utilities.Reporter (Reporter.java:67) - The webelement with the XPATH: '//button[@id='next-button']' is identified and clicked successfully. is passed successfully.
INFO  | 2021-10-18 19:00:38 | [main] com.openmrs.wrappers.GenericWrappers (GenericWrappers.java:287) - The webelement with the XPATH: '//button[@id='next-button']' is identified and clicked successfully.
INFO  | 2021-10-18 19:00:38 | [main] com.openmrs.utilities.Reporter (Reporter.java:67) - The webelement with the XPATH: '//fieldset[@id='demographics-birthdate']/p[2]/input' is identified and entered with the data '1' successfully. is passed successfully.
INFO  | 2021-10-18 19:00:38 | [main] com.openmrs.wrappers.GenericWrappers (GenericWrappers.java:142) - The webelement with the XPATH: '//fieldset[@id='demographics-birthdate']/p[2]/input' is identified and entered with the data '1' successfully.
INFO  | 2021-10-18 19:00:39 | [main] com.openmrs.utilities.Reporter (Reporter.java:67) - The webelement with an XPATH: '//fieldset[@id='demographics-birthdate']/p[3]/select' is identified and selected the text 'July' successfully. is passed successfully.
INFO  | 2021-10-18 19:00:39 | [main] com.openmrs.wrappers.GenericWrappers (GenericWrappers.java:434) - The webelement with an XPATH: '//fieldset[@id='demographics-birthdate']/p[3]/select' is identified and selected the text 'July' successfully.
INFO  | 2021-10-18 19:00:39 | [main] com.openmrs.utilities.Reporter (Reporter.java:67) - The webelement with the XPATH: '//fieldset[@id='demographics-birthdate']/p[4]/input' is identified and entered with the data '1990' successfully. is passed successfully.
INFO  | 2021-10-18 19:00:39 | [main] com.openmrs.wrappers.GenericWrappers (GenericWrappers.java:142) - The webelement with the XPATH: '//fieldset[@id='demographics-birthdate']/p[4]/input' is identified and entered with the data '1990' successfully.
INFO  | 2021-10-18 19:00:39 | [main] com.openmrs.utilities.Reporter (Reporter.java:67) - The webelement with the XPATH: '//button[@id='next-button']' is identified and clicked successfully. is passed successfully.
INFO  | 2021-10-18 19:00:39 | [main] com.openmrs.wrappers.GenericWrappers (GenericWrappers.java:287) - The webelement with the XPATH: '//button[@id='next-button']' is identified and clicked successfully.
INFO  | 2021-10-18 19:00:39 | [main] com.openmrs.utilities.Reporter (Reporter.java:67) - The webelement with the XPATH: '//section[@id='contactInfo']/div/fieldset[1]/p[2]/input' is identified and entered with the data 'Address 1' successfully. is passed successfully.
INFO  | 2021-10-18 19:00:39 | [main] com.openmrs.wrappers.GenericWrappers (GenericWrappers.java:142) - The webelement with the XPATH: '//section[@id='contactInfo']/div/fieldset[1]/p[2]/input' is identified and entered with the data 'Address 1' successfully.
INFO  | 2021-10-18 19:00:40 | [main] com.openmrs.utilities.Reporter (Reporter.java:67) - The webelement with the XPATH: '//section[@id='contactInfo']/div/fieldset[1]/p[4]/input' is identified and entered with the data 'Address 2' successfully. is passed successfully.
INFO  | 2021-10-18 19:00:40 | [main] com.openmrs.wrappers.GenericWrappers (GenericWrappers.java:142) - The webelement with the XPATH: '//section[@id='contactInfo']/div/fieldset[1]/p[4]/input' is identified and entered with the data 'Address 2' successfully.
INFO  | 2021-10-18 19:00:40 | [main] com.openmrs.utilities.Reporter (Reporter.java:67) - The webelement with the XPATH: '//section[@id='contactInfo']/div/fieldset[1]/p[6]/input' is identified and entered with the data 'City' successfully. is passed successfully.
INFO  | 2021-10-18 19:00:40 | [main] com.openmrs.wrappers.GenericWrappers (GenericWrappers.java:142) - The webelement with the XPATH: '//section[@id='contactInfo']/div/fieldset[1]/p[6]/input' is identified and entered with the data 'City' successfully.
INFO  | 2021-10-18 19:00:40 | [main] com.openmrs.utilities.Reporter (Reporter.java:67) - The webelement with the XPATH: '//section[@id='contactInfo']/div/fieldset[1]/p[7]/input' is identified and entered with the data 'State' successfully. is passed successfully.
INFO  | 2021-10-18 19:00:40 | [main] com.openmrs.wrappers.GenericWrappers (GenericWrappers.java:142) - The webelement with the XPATH: '//section[@id='contactInfo']/div/fieldset[1]/p[7]/input' is identified and entered with the data 'State' successfully.
INFO  | 2021-10-18 19:00:40 | [main] com.openmrs.utilities.Reporter (Reporter.java:67) - The webelement with the XPATH: '//section[@id='contactInfo']/div/fieldset[1]/p[8]/input' is identified and entered with the data 'Country' successfully. is passed successfully.
INFO  | 2021-10-18 19:00:40 | [main] com.openmrs.wrappers.GenericWrappers (GenericWrappers.java:142) - The webelement with the XPATH: '//section[@id='contactInfo']/div/fieldset[1]/p[8]/input' is identified and entered with the data 'Country' successfully.
INFO  | 2021-10-18 19:00:41 | [main] com.openmrs.utilities.Reporter (Reporter.java:67) - The webelement with the XPATH: '//section[@id='contactInfo']/div/fieldset[1]/p[9]/input' is identified and entered with the data '101010' successfully. is passed successfully.
INFO  | 2021-10-18 19:00:41 | [main] com.openmrs.wrappers.GenericWrappers (GenericWrappers.java:142) - The webelement with the XPATH: '//section[@id='contactInfo']/div/fieldset[1]/p[9]/input' is identified and entered with the data '101010' successfully.
INFO  | 2021-10-18 19:00:41 | [main] com.openmrs.utilities.Reporter (Reporter.java:67) - The webelement with the XPATH: '//button[@id='next-button']' is identified and clicked successfully. is passed successfully.
INFO  | 2021-10-18 19:00:41 | [main] com.openmrs.wrappers.GenericWrappers (GenericWrappers.java:287) - The webelement with the XPATH: '//button[@id='next-button']' is identified and clicked successfully.
INFO  | 2021-10-18 19:00:41 | [main] com.openmrs.utilities.Reporter (Reporter.java:67) - The webelement with the XPATH: '//fieldset[@id='phoneNumberLabel']/p/input' is identified and entered with the data '1234567890' successfully. is passed successfully.
INFO  | 2021-10-18 19:00:41 | [main] com.openmrs.wrappers.GenericWrappers (GenericWrappers.java:142) - The webelement with the XPATH: '//fieldset[@id='phoneNumberLabel']/p/input' is identified and entered with the data '1234567890' successfully.
INFO  | 2021-10-18 19:00:41 | [main] com.openmrs.utilities.Reporter (Reporter.java:67) - The webelement with the XPATH: '//button[@id='next-button']' is identified and clicked successfully. is passed successfully.
INFO  | 2021-10-18 19:00:41 | [main] com.openmrs.wrappers.GenericWrappers (GenericWrappers.java:287) - The webelement with the XPATH: '//button[@id='next-button']' is identified and clicked successfully.
INFO  | 2021-10-18 19:00:41 | [main] com.openmrs.utilities.Reporter (Reporter.java:67) - The webelement with an XPATH: '//section[@id='relationships-info']/div/fieldset/div/div/p[1]/select' is identified and selected the text 'Parent' successfully. is passed successfully.
INFO  | 2021-10-18 19:00:41 | [main] com.openmrs.wrappers.GenericWrappers (GenericWrappers.java:434) - The webelement with an XPATH: '//section[@id='relationships-info']/div/fieldset/div/div/p[1]/select' is identified and selected the text 'Parent' successfully.
INFO  | 2021-10-18 19:00:42 | [main] com.openmrs.utilities.Reporter (Reporter.java:67) - The webelement with the XPATH: '//section[@id='relationships-info']/div/fieldset/div/div/p[2]/input[1]' is identified and entered with the data 'Parent' successfully. is passed successfully.
INFO  | 2021-10-18 19:00:42 | [main] com.openmrs.wrappers.GenericWrappers (GenericWrappers.java:142) - The webelement with the XPATH: '//section[@id='relationships-info']/div/fieldset/div/div/p[2]/input[1]' is identified and entered with the data 'Parent' successfully.
INFO  | 2021-10-18 19:00:42 | [main] com.openmrs.utilities.Reporter (Reporter.java:67) - The webelement with the XPATH: '//button[@id='next-button']' is identified and clicked successfully. is passed successfully.
INFO  | 2021-10-18 19:00:42 | [main] com.openmrs.wrappers.GenericWrappers (GenericWrappers.java:287) - The webelement with the XPATH: '//button[@id='next-button']' is identified and clicked successfully.
INFO  | 2021-10-18 19:00:42 | [main] com.openmrs.utilities.Reporter (Reporter.java:67) - The Actual Text 'Name: Mugeni, Anet' from the XPATH: '//div[@id='confirmation']/div[2]/div/p[1]' exactly matches with the Expected Text 'Name: Mugeni, Anet'. is passed successfully.
INFO  | 2021-10-18 19:00:42 | [main] com.openmrs.wrappers.GenericWrappers (GenericWrappers.java:218) - The Actual Text 'Name: Mugeni, Anet' from the XPATH: '//div[@id='confirmation']/div[2]/div/p[1]' exactly matches with the Expected Text 'Name: Mugeni, Anet'.
INFO  | 2021-10-18 19:00:42 | [main] com.openmrs.utilities.Reporter (Reporter.java:67) - The Actual Text 'Gender: Male' from the XPATH: '//div[@id='confirmation']/div[2]/div/p[2]' exactly matches with the Expected Text 'Gender: Male'. is passed successfully.
INFO  | 2021-10-18 19:00:42 | [main] com.openmrs.wrappers.GenericWrappers (GenericWrappers.java:218) - The Actual Text 'Gender: Male' from the XPATH: '//div[@id='confirmation']/div[2]/div/p[2]' exactly matches with the Expected Text 'Gender: Male'.
INFO  | 2021-10-18 19:00:42 | [main] com.openmrs.utilities.Reporter (Reporter.java:67) - The Actual Text 'Birthdate: 1, July, 1990' from the XPATH: '//div[@id='confirmation']/div[2]/div/p[3]' exactly matches with the Expected Text 'Birthdate: 1, July, 1990'. is passed successfully.
INFO  | 2021-10-18 19:00:42 | [main] com.openmrs.wrappers.GenericWrappers (GenericWrappers.java:218) - The Actual Text 'Birthdate: 1, July, 1990' from the XPATH: '//div[@id='confirmation']/div[2]/div/p[3]' exactly matches with the Expected Text 'Birthdate: 1, July, 1990'.
INFO  | 2021-10-18 19:00:43 | [main] com.openmrs.utilities.Reporter (Reporter.java:67) - The Actual Text 'Address: Address 1, Address 2, City, State, Country, 101010' from the XPATH: '//div[@id='confirmation']/div[2]/div/p[4]' exactly matches with the Expected Text 'Address: Address 1, Address 2, City, State, Country, 101010'. is passed successfully.
INFO  | 2021-10-18 19:00:43 | [main] com.openmrs.wrappers.GenericWrappers (GenericWrappers.java:218) - The Actual Text 'Address: Address 1, Address 2, City, State, Country, 101010' from the XPATH: '//div[@id='confirmation']/div[2]/div/p[4]' exactly matches with the Expected Text 'Address: Address 1, Address 2, City, State, Country, 101010'.
INFO  | 2021-10-18 19:00:43 | [main] com.openmrs.utilities.Reporter (Reporter.java:67) - The Actual Text 'Phone Number: 1234567890' from the XPATH: '//div[@id='confirmation']/div[2]/div/p[5]' exactly matches with the Expected Text 'Phone Number: 1234567890'. is passed successfully.
INFO  | 2021-10-18 19:00:43 | [main] com.openmrs.wrappers.GenericWrappers (GenericWrappers.java:218) - The Actual Text 'Phone Number: 1234567890' from the XPATH: '//div[@id='confirmation']/div[2]/div/p[5]' exactly matches with the Expected Text 'Phone Number: 1234567890'.
INFO  | 2021-10-18 19:00:43 | [main] com.openmrs.utilities.Reporter (Reporter.java:67) - The Actual Text 'Relatives: Parent - Parent' from the XPATH: '//div[@id='confirmation']/div[2]/div/p[6]' exactly matches with the Expected Text 'Relatives: Parent - Parent'. is passed successfully.
INFO  | 2021-10-18 19:00:43 | [main] com.openmrs.wrappers.GenericWrappers (GenericWrappers.java:218) - The Actual Text 'Relatives: Parent - Parent' from the XPATH: '//div[@id='confirmation']/div[2]/div/p[6]' exactly matches with the Expected Text 'Relatives: Parent - Parent'.
INFO  | 2021-10-18 19:00:43 | [main] com.openmrs.utilities.Reporter (Reporter.java:67) - The webelement with the XPATH: '//input[@id='submit']' is identified and clicked successfully. is passed successfully.
INFO  | 2021-10-18 19:00:43 | [main] com.openmrs.wrappers.GenericWrappers (GenericWrappers.java:287) - The webelement with the XPATH: '//input[@id='submit']' is identified and clicked successfully.
INFO  | 2021-10-18 19:00:43 | [main] com.openmrs.utilities.Reporter (Reporter.java:67) - The Actual Title of the page 'OpenMRS Electronic Medical Record' matches with the Expected Title 'OpenMRS Electronic Medical Record'. is passed successfully.
INFO  | 2021-10-18 19:00:43 | [main] com.openmrs.wrappers.GenericWrappers (GenericWrappers.java:184) - The Actual Title of the page 'OpenMRS Electronic Medical Record' matches with the Expected Title 'OpenMRS Electronic Medical Record'.
INFO  | 2021-10-18 19:00:56 | [main] com.openmrs.utilities.Reporter (Reporter.java:67) - The Actual Text 'Mugeni' from the CSS: 'span.PersonName-givenName' exactly matches with the Expected Text 'Mugeni'. is passed successfully.
INFO  | 2021-10-18 19:00:56 | [main] com.openmrs.wrappers.GenericWrappers (GenericWrappers.java:235) - The Actual Text 'Mugeni' from the CSS: 'span.PersonName-givenName' exactly matches with the Expected Text 'Mugeni'.
INFO  | 2021-10-18 19:00:56 | [main] com.openmrs.utilities.Reporter (Reporter.java:67) - The Actual Text 'Anet' from the CSS: 'span.PersonName-familyName' exactly matches with the Expected Text 'Anet'. is passed successfully.
INFO  | 2021-10-18 19:00:56 | [main] com.openmrs.wrappers.GenericWrappers (GenericWrappers.java:235) - The Actual Text 'Anet' from the CSS: 'span.PersonName-familyName' exactly matches with the Expected Text 'Anet'.
INFO  | 2021-10-18 19:00:57 | [main] com.openmrs.utilities.Reporter (Reporter.java:67) - The webelement with the XPATH: '//ul[@id='breadcrumbs']/li[1]/a/i' is identified and clicked successfully. is passed successfully.
INFO  | 2021-10-18 19:00:57 | [main] com.openmrs.wrappers.GenericWrappers (GenericWrappers.java:287) - The webelement with the XPATH: '//ul[@id='breadcrumbs']/li[1]/a/i' is identified and clicked successfully.
INFO  | 2021-10-18 19:00:59 | [main] com.openmrs.utilities.Reporter (Reporter.java:67) - The webelement with the XPATH: '//div[@id='content']/div[3]/div/a[1]' is identified and clicked successfully. is passed successfully.
INFO  | 2021-10-18 19:00:59 | [main] com.openmrs.wrappers.GenericWrappers (GenericWrappers.java:287) - The webelement with the XPATH: '//div[@id='content']/div[3]/div/a[1]' is identified and clicked successfully.
INFO  | 2021-10-18 19:01:00 | [main] com.openmrs.utilities.Reporter (Reporter.java:67) - The Actual Title of the page 'OpenMRS Electronic Medical Record' matches with the Expected Title 'OpenMRS Electronic Medical Record'. is passed successfully.
INFO  | 2021-10-18 19:01:00 | [main] com.openmrs.wrappers.GenericWrappers (GenericWrappers.java:184) - The Actual Title of the page 'OpenMRS Electronic Medical Record' matches with the Expected Title 'OpenMRS Electronic Medical Record'.
INFO  | 2021-10-18 19:01:00 | [main] com.openmrs.utilities.Reporter (Reporter.java:67) - The webelement with the XPATH: '//input[@id='patient-search']' is identified and entered with the data 'Mugeni' successfully. is passed successfully.
INFO  | 2021-10-18 19:01:00 | [main] com.openmrs.wrappers.GenericWrappers (GenericWrappers.java:142) - The webelement with the XPATH: '//input[@id='patient-search']' is identified and entered with the data 'Mugeni' successfully.
INFO  | 2021-10-18 19:01:31 | [main] com.openmrs.utilities.Reporter (Reporter.java:67) - The webelement with the XPATH: '//div[@id='patient-search-results']/div/table/tbody/tr' is identified and the available row count is '1'. is passed successfully.
INFO  | 2021-10-18 19:01:31 | [main] com.openmrs.wrappers.GenericWrappers (GenericWrappers.java:637) - The webelement with the XPATH: '//div[@id='patient-search-results']/div/table/tbody/tr' is identified and the available row count is '1'.
INFO  | 2021-10-18 19:01:31 | [main] com.openmrs.utilities.Reporter (Reporter.java:67) - The patient details is available in the system. Mugeni is passed successfully.
INFO  | 2021-10-18 19:01:31 | [main] com.openmrs.wrappers.GenericWrappers (GenericWrappers.java:669) - The patient details is available in the system. Mugeni
INFO  | 2021-10-18 19:01:33 | [main] com.openmrs.utilities.Reporter (Reporter.java:67) - The webelement with the XPATH: '//div[@id='patient-search-results']/div/table/tbody/tr' is identified and clicked successfully. is passed successfully.
INFO  | 2021-10-18 19:01:33 | [main] com.openmrs.wrappers.GenericWrappers (GenericWrappers.java:683) - The webelement with the XPATH: '//div[@id='patient-search-results']/div/table/tbody/tr' is identified and clicked successfully.
INFO  | 2021-10-18 19:01:34 | [main] com.openmrs.utilities.Reporter (Reporter.java:67) - The webelement with the XPATH: '//ul[@class='float-left']/li[8]/a/div/div[2]' is identified and clicked successfully. is passed successfully.
INFO  | 2021-10-18 19:01:34 | [main] com.openmrs.wrappers.GenericWrappers (GenericWrappers.java:287) - The webelement with the XPATH: '//ul[@class='float-left']/li[8]/a/div/div[2]' is identified and clicked successfully.
INFO  | 2021-10-18 19:01:34 | [main] com.openmrs.utilities.Reporter (Reporter.java:67) - The webelement with the XPATH: '//input[@id='delete-reason']' is identified and entered with the data 'TEST' successfully. is passed successfully.
INFO  | 2021-10-18 19:01:34 | [main] com.openmrs.wrappers.GenericWrappers (GenericWrappers.java:142) - The webelement with the XPATH: '//input[@id='delete-reason']' is identified and entered with the data 'TEST' successfully.
INFO  | 2021-10-18 19:01:34 | [main] com.openmrs.utilities.Reporter (Reporter.java:67) - The webelement with the XPATH: '//*[@id="delete-patient-creation-dialog"]/div[2]/button[1]' is identified and clicked successfully. is passed successfully.
INFO  | 2021-10-18 19:01:34 | [main] com.openmrs.wrappers.GenericWrappers (GenericWrappers.java:287) - The webelement with the XPATH: '//*[@id="delete-patient-creation-dialog"]/div[2]/button[1]' is identified and clicked successfully.
INFO  | 2021-10-18 19:01:38 | [main] com.openmrs.utilities.Reporter (Reporter.java:67) - The webelement with the XPATH: '//input[@id='patient-search']' is identified and entered with the data 'Mugeni' successfully. is passed successfully.
INFO  | 2021-10-18 19:01:38 | [main] com.openmrs.wrappers.GenericWrappers (GenericWrappers.java:142) - The webelement with the XPATH: '//input[@id='patient-search']' is identified and entered with the data 'Mugeni' successfully.
INFO  | 2021-10-18 19:02:09 | [main] com.openmrs.utilities.Reporter (Reporter.java:67) - The webelement with the XPATH: '//div[@id='patient-search-results']/div/table/tbody/tr' is identified and the available row count is '1'. is passed successfully.
INFO  | 2021-10-18 19:02:09 | [main] com.openmrs.wrappers.GenericWrappers (GenericWrappers.java:637) - The webelement with the XPATH: '//div[@id='patient-search-results']/div/table/tbody/tr' is identified and the available row count is '1'.
INFO  | 2021-10-18 19:02:10 | [main] com.openmrs.utilities.Reporter (Reporter.java:67) - No matching records found for the given patient. Mugeni is passed successfully.
INFO  | 2021-10-18 19:02:10 | [main] com.openmrs.wrappers.GenericWrappers (GenericWrappers.java:663) - No matching records found for the given patient. Mugeni
INFO  | 2021-10-18 19:02:11 | [main] com.openmrs.utilities.Reporter (Reporter.java:67) - The webelement with the XPATH: '//ul[@id='breadcrumbs']/li[1]/a/i' is identified and clicked successfully. is passed successfully.
INFO  | 2021-10-18 19:02:11 | [main] com.openmrs.wrappers.GenericWrappers (GenericWrappers.java:287) - The webelement with the XPATH: '//ul[@id='breadcrumbs']/li[1]/a/i' is identified and clicked successfully.
INFO  | 2021-10-18 19:02:13 | [main] com.openmrs.utilities.Reporter (Reporter.java:67) - The webelement with the XPATH: '//a[contains(text(),'Logout')]' is identified and clicked successfully. is passed successfully.
INFO  | 2021-10-18 19:02:13 | [main] com.openmrs.wrappers.GenericWrappers (GenericWrappers.java:287) - The webelement with the XPATH: '//a[contains(text(),'Logout')]' is identified and clicked successfully.
INFO  | 2021-10-18 19:02:13 | [main] com.openmrs.wrappers.GenericWrappers (GenericWrappers.java:624) - All the driver agents are closed successfully.
INFO  | 2021-10-18 19:02:13 | [main] com.openmrs.utilities.Reporter (Reporter.java:92) - Closed the test successfully.
INFO  | 2021-10-18 19:02:13 | [main] com.openmrs.wrappers.GenericWrappers (GenericWrappers.java:75) - The properties files are unloaded successfully.
INFO  | 2021-10-18 19:02:14 | [main] com.openmrs.utilities.Reporter (Reporter.java:99) - Created the extent report successfully.
